Flow report for DE1_in_stream
Fri Aug  6 09:47:56 2021
Quartus Prime Version 20.1.1 Build 720 11/11/2020 SJ Lite Edition


---------------------
; Table of Contents ;
---------------------
  1. Legal Notice
  2. Flow Summary
  3. Flow Settings
  4. Flow Non-Default Global Settings
  5. Flow Elapsed Time
  6. Flow OS Summary
  7. Flow Log
  8. Flow Messages
  9. Flow Suppressed Messages



----------------
; Legal Notice ;
----------------
Copyright (C) 2020  Intel Corporation. All rights reserved.
Your use of Intel Corporation's design tools, logic functions 
and other software and tools, and any partner logic 
functions, and any output files from any of the foregoing 
(including device programming or simulation files), and any 
associated documentation or information are expressly subject 
to the terms and conditions of the Intel Program License 
Subscription Agreement, the Intel Quartus Prime License Agreement,
the Intel FPGA IP License Agreement, or other applicable license
agreement, including, without limitation, that your use is for
the sole purpose of programming logic devices manufactured by
Intel and sold by Intel or its authorized distributors.  Please
refer to the applicable agreement for further details, at
https://fpgasoftware.intel.com/eula.



+-------------------------------------------------------------------------------+
; Flow Summary                                                                  ;
+---------------------------------+---------------------------------------------+
; Flow Status                     ; Successful - Fri Aug  6 09:47:52 2021       ;
; Quartus Prime Version           ; 20.1.1 Build 720 11/11/2020 SJ Lite Edition ;
; Revision Name                   ; DE1_in_stream                               ;
; Top-level Entity Name           ; fx2lp_slaveFIFO2b_streamIN_fpga_top         ;
; Family                          ; Cyclone V                                   ;
; Device                          ; 5CSEMA5F31C6                                ;
; Timing Models                   ; Final                                       ;
; Logic utilization (in ALMs)     ; 45 / 32,070 ( < 1 % )                       ;
; Total registers                 ; 9                                           ;
; Total pins                      ; 41 / 457 ( 9 % )                            ;
; Total virtual pins              ; 0                                           ;
; Total block memory bits         ; 0 / 4,065,280 ( 0 % )                       ;
; Total DSP Blocks                ; 0 / 87 ( 0 % )                              ;
; Total HSSI RX PCSs              ; 0                                           ;
; Total HSSI PMA RX Deserializers ; 0                                           ;
; Total HSSI TX PCSs              ; 0                                           ;
; Total HSSI PMA TX Serializers   ; 0                                           ;
; Total PLLs                      ; 0 / 6 ( 0 % )                               ;
; Total DLLs                      ; 0 / 4 ( 0 % )                               ;
+---------------------------------+---------------------------------------------+


+-----------------------------------------+
; Flow Settings                           ;
+-------------------+---------------------+
; Option            ; Setting             ;
+-------------------+---------------------+
; Start date & time ; 08/06/2021 09:47:05 ;
; Main task         ; Compilation         ;
; Revision Name     ; DE1_in_stream       ;
+-------------------+---------------------+


+-------------------------------------------------------------------------------------------------------------------------------------------------+
; Flow Non-Default Global Settings                                                                                                                ;
+-------------------------------------+----------------------------------------+---------------+-------------------------------------+------------+
; Assignment Name                     ; Value                                  ; Default Value ; Entity Name                         ; Section Id ;
+-------------------------------------+----------------------------------------+---------------+-------------------------------------+------------+
; COMPILER_SIGNATURE_ID               ; 247207025700498.162825402539949        ; --            ; --                                  ; --         ;
; MAX_CORE_JUNCTION_TEMP              ; 85                                     ; --            ; --                                  ; --         ;
; MIN_CORE_JUNCTION_TEMP              ; 0                                      ; --            ; --                                  ; --         ;
; MISC_FILE                           ; pll2_sim/pll2.vo                       ; --            ; --                                  ; --         ;
; OUTPUT_IO_TIMING_FAR_END_VMEAS      ; Half Signal Swing                      ; --            ; --                                  ; --         ;
; OUTPUT_IO_TIMING_FAR_END_VMEAS      ; Half Signal Swing                      ; --            ; --                                  ; --         ;
; OUTPUT_IO_TIMING_NEAR_END_VMEAS     ; Half Vccio                             ; --            ; --                                  ; --         ;
; OUTPUT_IO_TIMING_NEAR_END_VMEAS     ; Half Vccio                             ; --            ; --                                  ; --         ;
; PARTITION_COLOR                     ; -- (Not supported for targeted family) ; --            ; fx2lp_slaveFIFO2b_streamIN_fpga_top ; Top        ;
; PARTITION_FITTER_PRESERVATION_LEVEL ; -- (Not supported for targeted family) ; --            ; fx2lp_slaveFIFO2b_streamIN_fpga_top ; Top        ;
; PARTITION_NETLIST_TYPE              ; -- (Not supported for targeted family) ; --            ; fx2lp_slaveFIFO2b_streamIN_fpga_top ; Top        ;
; POWER_BOARD_THERMAL_MODEL           ; None (CONSERVATIVE)                    ; --            ; --                                  ; --         ;
; POWER_PRESET_COOLING_SOLUTION       ; 23 MM HEAT SINK WITH 200 LFPM AIRFLOW  ; --            ; --                                  ; --         ;
; PROJECT_OUTPUT_DIRECTORY            ; output_files                           ; --            ; --                                  ; --         ;
; SPD_FILE                            ; pll2.spd                               ; --            ; --                                  ; --         ;
; TOP_LEVEL_ENTITY                    ; fx2lp_slaveFIFO2b_streamIN_fpga_top    ; DE1_in_stream ; --                                  ; --         ;
+-------------------------------------+----------------------------------------+---------------+-------------------------------------+------------+


+--------------------------------------------------------------------------------------------------------------------------+
; Flow Elapsed Time                                                                                                        ;
+----------------------+--------------+-------------------------+---------------------+------------------------------------+
; Module Name          ; Elapsed Time ; Average Processors Used ; Peak Virtual Memory ; Total CPU Time (on all processors) ;
+----------------------+--------------+-------------------------+---------------------+------------------------------------+
; Analysis & Synthesis ; 00:00:08     ; 1.0                     ; 445 MB              ; 00:00:17                           ;
; Fitter               ; 00:00:31     ; 1.0                     ; 1569 MB             ; 00:00:50                           ;
; Assembler            ; 00:00:06     ; 1.0                     ; 514 MB              ; 00:00:06                           ;
; Timing Analyzer      ; 00:00:04     ; 1.0                     ; 789 MB              ; 00:00:04                           ;
; Total                ; 00:00:49     ; --                      ; --                  ; 00:01:17                           ;
+----------------------+--------------+-------------------------+---------------------+------------------------------------+


+----------------------------------------------------------------------------------------+
; Flow OS Summary                                                                        ;
+----------------------+------------------+----------------+------------+----------------+
; Module Name          ; Machine Hostname ; OS Name        ; OS Version ; Processor type ;
+----------------------+------------------+----------------+------------+----------------+
; Analysis & Synthesis ; BINGO-FPGA       ; Ubuntu 20.04.2 ; 20         ; x86_64         ;
; Fitter               ; BINGO-FPGA       ; Ubuntu 20.04.2 ; 20         ; x86_64         ;
; Assembler            ; BINGO-FPGA       ; Ubuntu 20.04.2 ; 20         ; x86_64         ;
; Timing Analyzer      ; BINGO-FPGA       ; Ubuntu 20.04.2 ; 20         ; x86_64         ;
+----------------------+------------------+----------------+------------+----------------+


------------
; Flow Log ;
------------
quartus_map --read_settings_files=on --write_settings_files=off DE1_in_stream -c DE1_in_stream
quartus_fit --read_settings_files=off --write_settings_files=off DE1_in_stream -c DE1_in_stream
quartus_asm --read_settings_files=off --write_settings_files=off DE1_in_stream -c DE1_in_stream
quartus_sta DE1_in_stream -c DE1_in_stream



