Analysis & Synthesis report for DE1_in_stream
Fri Aug  6 09:47:13 2021
Quartus Prime Version 20.1.1 Build 720 11/11/2020 SJ Lite Edition


---------------------
; Table of Contents ;
---------------------
  1. Legal Notice
  2. Analysis & Synthesis Summary
  3. Analysis & Synthesis Settings
  4. Parallel Compilation
  5. Analysis & Synthesis Source Files Read
  6. Analysis & Synthesis Resource Usage Summary
  7. Analysis & Synthesis Resource Utilization by Entity
  8. Registers Removed During Synthesis
  9. Removed Registers Triggering Further Register Optimizations
 10. General Register Statistics
 11. Parameter Settings for User Entity Instance: Top-level Entity: |fx2lp_slaveFIFO2b_streamIN_fpga_top
 12. Post-Synthesis Netlist Statistics for Top Partition
 13. Elapsed Time Per Partition
 14. Analysis & Synthesis Messages



----------------
; Legal Notice ;
----------------
Copyright (C) 2020  Intel Corporation. All rights reserved.
Your use of Intel Corporation's design tools, logic functions 
and other software and tools, and any partner logic 
functions, and any output files from any of the foregoing 
(including device programming or simulation files), and any 
associated documentation or information are expressly subject 
to the terms and conditions of the Intel Program License 
Subscription Agreement, the Intel Quartus Prime License Agreement,
the Intel FPGA IP License Agreement, or other applicable license
agreement, including, without limitation, that your use is for
the sole purpose of programming logic devices manufactured by
Intel and sold by Intel or its authorized distributors.  Please
refer to the applicable agreement for further details, at
https://fpgasoftware.intel.com/eula.



+-------------------------------------------------------------------------------+
; Analysis & Synthesis Summary                                                  ;
+---------------------------------+---------------------------------------------+
; Analysis & Synthesis Status     ; Successful - Fri Aug  6 09:47:13 2021       ;
; Quartus Prime Version           ; 20.1.1 Build 720 11/11/2020 SJ Lite Edition ;
; Revision Name                   ; DE1_in_stream                               ;
; Top-level Entity Name           ; fx2lp_slaveFIFO2b_streamIN_fpga_top         ;
; Family                          ; Cyclone V                                   ;
; Logic utilization (in ALMs)     ; N/A                                         ;
; Total registers                 ; 9                                           ;
; Total pins                      ; 41                                          ;
; Total virtual pins              ; 0                                           ;
; Total block memory bits         ; 0                                           ;
; Total DSP Blocks                ; 0                                           ;
; Total HSSI RX PCSs              ; 0                                           ;
; Total HSSI PMA RX Deserializers ; 0                                           ;
; Total HSSI TX PCSs              ; 0                                           ;
; Total HSSI PMA TX Serializers   ; 0                                           ;
; Total PLLs                      ; 0                                           ;
; Total DLLs                      ; 0                                           ;
+---------------------------------+---------------------------------------------+


+--------------------------------------------------------------------------------------------------------------------------------------------+
; Analysis & Synthesis Settings                                                                                                              ;
+---------------------------------------------------------------------------------+-------------------------------------+--------------------+
; Option                                                                          ; Setting                             ; Default Value      ;
+---------------------------------------------------------------------------------+-------------------------------------+--------------------+
; Device                                                                          ; 5CSEMA5F31C6                        ;                    ;
; Top-level entity name                                                           ; fx2lp_slaveFIFO2b_streamIN_fpga_top ; DE1_in_stream      ;
; Family name                                                                     ; Cyclone V                           ; Cyclone V          ;
; Use smart compilation                                                           ; Off                                 ; Off                ;
; Enable parallel Assembler and Timing Analyzer during compilation                ; On                                  ; On                 ;
; Enable compact report table                                                     ; Off                                 ; Off                ;
; Restructure Multiplexers                                                        ; Auto                                ; Auto               ;
; MLAB Add Timing Constraints For Mixed-Port Feed-Through Mode Setting Don't Care ; Off                                 ; Off                ;
; Create Debugging Nodes for IP Cores                                             ; Off                                 ; Off                ;
; Preserve fewer node names                                                       ; On                                  ; On                 ;
; Intel FPGA IP Evaluation Mode                                                   ; Enable                              ; Enable             ;
; Verilog Version                                                                 ; Verilog_2001                        ; Verilog_2001       ;
; VHDL Version                                                                    ; VHDL_1993                           ; VHDL_1993          ;
; State Machine Processing                                                        ; Auto                                ; Auto               ;
; Safe State Machine                                                              ; Off                                 ; Off                ;
; Extract Verilog State Machines                                                  ; On                                  ; On                 ;
; Extract VHDL State Machines                                                     ; On                                  ; On                 ;
; Ignore Verilog initial constructs                                               ; Off                                 ; Off                ;
; Iteration limit for constant Verilog loops                                      ; 5000                                ; 5000               ;
; Iteration limit for non-constant Verilog loops                                  ; 250                                 ; 250                ;
; Add Pass-Through Logic to Inferred RAMs                                         ; On                                  ; On                 ;
; Infer RAMs from Raw Logic                                                       ; On                                  ; On                 ;
; Parallel Synthesis                                                              ; On                                  ; On                 ;
; DSP Block Balancing                                                             ; Auto                                ; Auto               ;
; NOT Gate Push-Back                                                              ; On                                  ; On                 ;
; Power-Up Don't Care                                                             ; On                                  ; On                 ;
; Remove Redundant Logic Cells                                                    ; Off                                 ; Off                ;
; Remove Duplicate Registers                                                      ; On                                  ; On                 ;
; Ignore CARRY Buffers                                                            ; Off                                 ; Off                ;
; Ignore CASCADE Buffers                                                          ; Off                                 ; Off                ;
; Ignore GLOBAL Buffers                                                           ; Off                                 ; Off                ;
; Ignore ROW GLOBAL Buffers                                                       ; Off                                 ; Off                ;
; Ignore LCELL Buffers                                                            ; Off                                 ; Off                ;
; Ignore SOFT Buffers                                                             ; On                                  ; On                 ;
; Limit AHDL Integers to 32 Bits                                                  ; Off                                 ; Off                ;
; Optimization Technique                                                          ; Balanced                            ; Balanced           ;
; Carry Chain Length                                                              ; 70                                  ; 70                 ;
; Auto Carry Chains                                                               ; On                                  ; On                 ;
; Auto Open-Drain Pins                                                            ; On                                  ; On                 ;
; Perform WYSIWYG Primitive Resynthesis                                           ; Off                                 ; Off                ;
; Auto ROM Replacement                                                            ; On                                  ; On                 ;
; Auto RAM Replacement                                                            ; On                                  ; On                 ;
; Auto DSP Block Replacement                                                      ; On                                  ; On                 ;
; Auto Shift Register Replacement                                                 ; Auto                                ; Auto               ;
; Allow Shift Register Merging across Hierarchies                                 ; Auto                                ; Auto               ;
; Auto Clock Enable Replacement                                                   ; On                                  ; On                 ;
; Strict RAM Replacement                                                          ; Off                                 ; Off                ;
; Allow Synchronous Control Signals                                               ; On                                  ; On                 ;
; Force Use of Synchronous Clear Signals                                          ; Off                                 ; Off                ;
; Auto Resource Sharing                                                           ; Off                                 ; Off                ;
; Allow Any RAM Size For Recognition                                              ; Off                                 ; Off                ;
; Allow Any ROM Size For Recognition                                              ; Off                                 ; Off                ;
; Allow Any Shift Register Size For Recognition                                   ; Off                                 ; Off                ;
; Use LogicLock Constraints during Resource Balancing                             ; On                                  ; On                 ;
; Ignore translate_off and synthesis_off directives                               ; Off                                 ; Off                ;
; Timing-Driven Synthesis                                                         ; On                                  ; On                 ;
; Report Parameter Settings                                                       ; On                                  ; On                 ;
; Report Source Assignments                                                       ; On                                  ; On                 ;
; Report Connectivity Checks                                                      ; On                                  ; On                 ;
; Ignore Maximum Fan-Out Assignments                                              ; Off                                 ; Off                ;
; Synchronization Register Chain Length                                           ; 3                                   ; 3                  ;
; Power Optimization During Synthesis                                             ; Normal compilation                  ; Normal compilation ;
; HDL message level                                                               ; Level2                              ; Level2             ;
; Suppress Register Optimization Related Messages                                 ; Off                                 ; Off                ;
; Number of Removed Registers Reported in Synthesis Report                        ; 5000                                ; 5000               ;
; Number of Swept Nodes Reported in Synthesis Report                              ; 5000                                ; 5000               ;
; Number of Inverted Registers Reported in Synthesis Report                       ; 100                                 ; 100                ;
; Clock MUX Protection                                                            ; On                                  ; On                 ;
; Auto Gated Clock Conversion                                                     ; Off                                 ; Off                ;
; Block Design Naming                                                             ; Auto                                ; Auto               ;
; SDC constraint protection                                                       ; Off                                 ; Off                ;
; Synthesis Effort                                                                ; Auto                                ; Auto               ;
; Shift Register Replacement - Allow Asynchronous Clear Signal                    ; On                                  ; On                 ;
; Pre-Mapping Resynthesis Optimization                                            ; Off                                 ; Off                ;
; Analysis & Synthesis Message Level                                              ; Medium                              ; Medium             ;
; Disable Register Merging Across Hierarchies                                     ; Auto                                ; Auto               ;
; Resource Aware Inference For Block RAM                                          ; On                                  ; On                 ;
; Automatic Parallel Synthesis                                                    ; On                                  ; On                 ;
; Partial Reconfiguration Bitstream ID                                            ; Off                                 ; Off                ;
+---------------------------------------------------------------------------------+-------------------------------------+--------------------+


+------------------------------------------+
; Parallel Compilation                     ;
+----------------------------+-------------+
; Processors                 ; Number      ;
+----------------------------+-------------+
; Number detected on machine ; 4           ;
; Maximum allowed            ; 2           ;
;                            ;             ;
; Average used               ; 1.00        ;
; Maximum used               ; 2           ;
;                            ;             ;
; Usage by Processor         ; % Time Used ;
;     Processor 1            ; 100.0%      ;
;     Processor 2            ;   0.0%      ;
+----------------------------+-------------+


+-------------------------------------------------------------------------------------------------------------------------------------------------------------------------------+
; Analysis & Synthesis Source Files Read                                                                                                                                        ;
+---------------------------------------+-----------------+------------------------+----------------------------------------------------------------------------------+---------+
; File Name with User-Entered Path      ; Used in Netlist ; File Type              ; File Name with Absolute Path                                                     ; Library ;
+---------------------------------------+-----------------+------------------------+----------------------------------------------------------------------------------+---------+
; fx2lp_slaveFIFO2b_streamIN_fpga_top.v ; yes             ; User Verilog HDL File  ; /home/bingo/Documentos/teste/DE1_in_stream/fx2lp_slaveFIFO2b_streamIN_fpga_top.v ;         ;
+---------------------------------------+-----------------+------------------------+----------------------------------------------------------------------------------+---------+


+--------------------------------------------------------+
; Analysis & Synthesis Resource Usage Summary            ;
+---------------------------------------------+----------+
; Resource                                    ; Usage    ;
+---------------------------------------------+----------+
; Estimate of Logic utilization (ALMs needed) ; 45       ;
;                                             ;          ;
; Combinational ALUT usage for logic          ; 58       ;
;     -- 7 input functions                    ; 0        ;
;     -- 6 input functions                    ; 31       ;
;     -- 5 input functions                    ; 2        ;
;     -- 4 input functions                    ; 0        ;
;     -- <=3 input functions                  ; 25       ;
;                                             ;          ;
; Dedicated logic registers                   ; 9        ;
;                                             ;          ;
; I/O pins                                    ; 41       ;
;                                             ;          ;
; Total DSP Blocks                            ; 0        ;
;                                             ;          ;
; Maximum fan-out node                        ; count[0] ;
; Maximum fan-out                             ; 34       ;
; Total fan-out                               ; 343      ;
; Average fan-out                             ; 2.30     ;
+---------------------------------------------+----------+


+-------------------------------------------------------------------------------------------------------------------------------------------------------------------------------------------------------------------------------------------+
; Analysis & Synthesis Resource Utilization by Entity                                                                                                                                                                                       ;
+--------------------------------------+---------------------+---------------------------+-------------------+------------+------+--------------+--------------------------------------+-------------------------------------+--------------+
; Compilation Hierarchy Node           ; Combinational ALUTs ; Dedicated Logic Registers ; Block Memory Bits ; DSP Blocks ; Pins ; Virtual Pins ; Full Hierarchy Name                  ; Entity Name                         ; Library Name ;
+--------------------------------------+---------------------+---------------------------+-------------------+------------+------+--------------+--------------------------------------+-------------------------------------+--------------+
; |fx2lp_slaveFIFO2b_streamIN_fpga_top ; 58 (58)             ; 9 (9)                     ; 0                 ; 0          ; 41   ; 0            ; |fx2lp_slaveFIFO2b_streamIN_fpga_top ; fx2lp_slaveFIFO2b_streamIN_fpga_top ; work         ;
+--------------------------------------+---------------------+---------------------------+-------------------+------------+------+--------------+--------------------------------------+-------------------------------------+--------------+
Note: For table entries with two numbers listed, the numbers in parentheses indicate the number of resources of the given type used by the specific entity alone. The numbers listed outside of parentheses indicate the total resources of the given type used by the specific entity and all of its sub-entities in the hierarchy.


+--------------------------------------------------------------------------------+
; Registers Removed During Synthesis                                             ;
+---------------------------------------+----------------------------------------+
; Register name                         ; Reason for Removal                     ;
+---------------------------------------+----------------------------------------+
; done_d                                ; Stuck at VCC due to stuck port data_in ;
; wait_s[0..3]                          ; Lost fanout                            ;
; Total Number of Removed Registers = 5 ;                                        ;
+---------------------------------------+----------------------------------------+


+----------------------------------------------------------------------------------------+
; Removed Registers Triggering Further Register Optimizations                            ;
+---------------+---------------------------+--------------------------------------------+
; Register name ; Reason for Removal        ; Registers Removed due to This Register     ;
+---------------+---------------------------+--------------------------------------------+
; done_d        ; Stuck at VCC              ; wait_s[3], wait_s[2], wait_s[1], wait_s[0] ;
;               ; due to stuck port data_in ;                                            ;
+---------------+---------------------------+--------------------------------------------+


+------------------------------------------------------+
; General Register Statistics                          ;
+----------------------------------------------+-------+
; Statistic                                    ; Value ;
+----------------------------------------------+-------+
; Total registers                              ; 9     ;
; Number of registers using Synchronous Clear  ; 0     ;
; Number of registers using Synchronous Load   ; 0     ;
; Number of registers using Asynchronous Clear ; 0     ;
; Number of registers using Asynchronous Load  ; 0     ;
; Number of registers using Clock Enable       ; 7     ;
; Number of registers using Preset             ; 0     ;
+----------------------------------------------+-------+


+-----------------------------------------------------------------------------------------------------+
; Parameter Settings for User Entity Instance: Top-level Entity: |fx2lp_slaveFIFO2b_streamIN_fpga_top ;
+-----------------+-------+---------------------------------------------------------------------------+
; Parameter Name  ; Value ; Type                                                                      ;
+-----------------+-------+---------------------------------------------------------------------------+
; stream_in_idle  ; 0     ; Unsigned Binary                                                           ;
; stream_in_write ; 1     ; Unsigned Binary                                                           ;
+-----------------+-------+---------------------------------------------------------------------------+
Note: In order to hide this table in the UI and the text report file, please set the "Show Parameter Settings in Synthesis Report" option in "Analysis and Synthesis Settings -> More Settings" to "Off".


+-----------------------------------------------------+
; Post-Synthesis Netlist Statistics for Top Partition ;
+-----------------------+-----------------------------+
; Type                  ; Count                       ;
+-----------------------+-----------------------------+
; arriav_ff             ; 9                           ;
;     ENA               ; 7                           ;
;     plain             ; 2                           ;
; arriav_lcell_comb     ; 62                          ;
;     arith             ; 6                           ;
;         1 data inputs ; 5                           ;
;         2 data inputs ; 1                           ;
;     normal            ; 56                          ;
;         0 data inputs ; 2                           ;
;         1 data inputs ; 4                           ;
;         2 data inputs ; 2                           ;
;         3 data inputs ; 15                          ;
;         5 data inputs ; 2                           ;
;         6 data inputs ; 31                          ;
; boundary_port         ; 41                          ;
;                       ;                             ;
; Max LUT depth         ; 3.00                        ;
; Average LUT depth     ; 1.86                        ;
+-----------------------+-----------------------------+


+-------------------------------+
; Elapsed Time Per Partition    ;
+----------------+--------------+
; Partition Name ; Elapsed Time ;
+----------------+--------------+
; Top            ; 00:00:00     ;
+----------------+--------------+


+-------------------------------+
; Analysis & Synthesis Messages ;
+-------------------------------+
Info: *******************************************************************
Info: Running Quartus Prime Analysis & Synthesis
    Info: Version 20.1.1 Build 720 11/11/2020 SJ Lite Edition
    Info: Processing started: Fri Aug  6 09:47:04 2021
Info: Command: quartus_map --read_settings_files=on --write_settings_files=off DE1_in_stream -c DE1_in_stream
Warning (18236): Number of processors has not been specified which may cause overloading on shared machines.  Set the global assignment NUM_PARALLEL_PROCESSORS in your QSF to an appropriate value for best performance.
Info (20030): Parallel compilation is enabled and will use 2 of the 2 processors detected
Info (12021): Found 1 design units, including 1 entities, in source file DE1_in_stream.v
    Info (12023): Found entity 1: DE1_in_stream File: /home/bingo/Documentos/teste/DE1_in_stream/DE1_in_stream.v Line: 1
Info (12021): Found 1 design units, including 1 entities, in source file fx2lp_slaveFIFO2b_streamIN_fpga_top.v
    Info (12023): Found entity 1: fx2lp_slaveFIFO2b_streamIN_fpga_top File: /home/bingo/Documentos/teste/DE1_in_stream/fx2lp_slaveFIFO2b_streamIN_fpga_top.v Line: 1
Info (12127): Elaborating entity "fx2lp_slaveFIFO2b_streamIN_fpga_top" for the top level hierarchy
Warning (10240): Verilog HDL Always Construct warning at fx2lp_slaveFIFO2b_streamIN_fpga_top.v(120): inferring latch(es) for variable "flagd_d", which holds its previous value in one or more paths through the always construct File: /home/bingo/Documentos/teste/DE1_in_stream/fx2lp_slaveFIFO2b_streamIN_fpga_top.v Line: 120
Warning (10230): Verilog HDL assignment warning at fx2lp_slaveFIFO2b_streamIN_fpga_top.v(434): truncated value with size 32 to match size of target (7) File: /home/bingo/Documentos/teste/DE1_in_stream/fx2lp_slaveFIFO2b_streamIN_fpga_top.v Line: 434
Warning (10034): Output port "clk_out" at fx2lp_slaveFIFO2b_streamIN_fpga_top.v(24) has no driver File: /home/bingo/Documentos/teste/DE1_in_stream/fx2lp_slaveFIFO2b_streamIN_fpga_top.v Line: 24
Info (10041): Inferred latch for "flagd_d" at fx2lp_slaveFIFO2b_streamIN_fpga_top.v(120) File: /home/bingo/Documentos/teste/DE1_in_stream/fx2lp_slaveFIFO2b_streamIN_fpga_top.v Line: 120
Info (276014): Found 1 instances of uninferred RAM logic
    Info (276004): RAM logic "Ram0" is uninferred due to inappropriate RAM size File: /home/bingo/Documentos/teste/DE1_in_stream/fx2lp_slaveFIFO2b_streamIN_fpga_top.v Line: 435
Warning (13024): Output pins are stuck at VCC or GND
    Warning (13410): Pin "faddr[0]" is stuck at GND File: /home/bingo/Documentos/teste/DE1_in_stream/fx2lp_slaveFIFO2b_streamIN_fpga_top.v Line: 25
    Warning (13410): Pin "faddr[1]" is stuck at VCC File: /home/bingo/Documentos/teste/DE1_in_stream/fx2lp_slaveFIFO2b_streamIN_fpga_top.v Line: 25
    Warning (13410): Pin "slrd" is stuck at GND File: /home/bingo/Documentos/teste/DE1_in_stream/fx2lp_slaveFIFO2b_streamIN_fpga_top.v Line: 28
    Warning (13410): Pin "sloe" is stuck at VCC File: /home/bingo/Documentos/teste/DE1_in_stream/fx2lp_slaveFIFO2b_streamIN_fpga_top.v Line: 26
    Warning (13410): Pin "clk_out" is stuck at GND File: /home/bingo/Documentos/teste/DE1_in_stream/fx2lp_slaveFIFO2b_streamIN_fpga_top.v Line: 24
    Warning (13410): Pin "pkt_end" is stuck at VCC File: /home/bingo/Documentos/teste/DE1_in_stream/fx2lp_slaveFIFO2b_streamIN_fpga_top.v Line: 29
    Warning (13410): Pin "done" is stuck at VCC File: /home/bingo/Documentos/teste/DE1_in_stream/fx2lp_slaveFIFO2b_streamIN_fpga_top.v Line: 30
Info (286030): Timing-Driven Synthesis is running
Info (17049): 4 registers lost all their fanouts during netlist optimizations.
Warning (20013): Ignored 3 assignments for entity "pll2" -- entity does not exist in design
    Warning (20014): Assignment for entity set_global_assignment -name IP_TOOL_NAME altera_pll -entity pll2 -sip pll2.sip -library lib_pll2 was ignored
    Warning (20014): Assignment for entity set_global_assignment -name IP_TOOL_VERSION 20.1 -entity pll2 -sip pll2.sip -library lib_pll2 was ignored
    Warning (20014): Assignment for entity set_global_assignment -name IP_TOOL_ENV mwpim -entity pll2 -sip pll2.sip -library lib_pll2 was ignored
Info (16010): Generating hard_block partition "hard_block:auto_generated_inst"
    Info (16011): Adding 0 node(s), including 0 DDIO, 0 PLL, 0 transceiver and 0 LCELL
Warning (21074): Design contains 13 input pin(s) that do not drive logic
    Warning (15610): No output dependent on input pin "flaga" File: /home/bingo/Documentos/teste/DE1_in_stream/fx2lp_slaveFIFO2b_streamIN_fpga_top.v Line: 20
    Warning (15610): No output dependent on input pin "data_adc[0]" File: /home/bingo/Documentos/teste/DE1_in_stream/fx2lp_slaveFIFO2b_streamIN_fpga_top.v Line: 19
    Warning (15610): No output dependent on input pin "data_adc[1]" File: /home/bingo/Documentos/teste/DE1_in_stream/fx2lp_slaveFIFO2b_streamIN_fpga_top.v Line: 19
    Warning (15610): No output dependent on input pin "data_adc[2]" File: /home/bingo/Documentos/teste/DE1_in_stream/fx2lp_slaveFIFO2b_streamIN_fpga_top.v Line: 19
    Warning (15610): No output dependent on input pin "data_adc[3]" File: /home/bingo/Documentos/teste/DE1_in_stream/fx2lp_slaveFIFO2b_streamIN_fpga_top.v Line: 19
    Warning (15610): No output dependent on input pin "data_adc[4]" File: /home/bingo/Documentos/teste/DE1_in_stream/fx2lp_slaveFIFO2b_streamIN_fpga_top.v Line: 19
    Warning (15610): No output dependent on input pin "data_adc[5]" File: /home/bingo/Documentos/teste/DE1_in_stream/fx2lp_slaveFIFO2b_streamIN_fpga_top.v Line: 19
    Warning (15610): No output dependent on input pin "data_adc[6]" File: /home/bingo/Documentos/teste/DE1_in_stream/fx2lp_slaveFIFO2b_streamIN_fpga_top.v Line: 19
    Warning (15610): No output dependent on input pin "data_adc[7]" File: /home/bingo/Documentos/teste/DE1_in_stream/fx2lp_slaveFIFO2b_streamIN_fpga_top.v Line: 19
    Warning (15610): No output dependent on input pin "data_adc[8]" File: /home/bingo/Documentos/teste/DE1_in_stream/fx2lp_slaveFIFO2b_streamIN_fpga_top.v Line: 19
    Warning (15610): No output dependent on input pin "data_adc[9]" File: /home/bingo/Documentos/teste/DE1_in_stream/fx2lp_slaveFIFO2b_streamIN_fpga_top.v Line: 19
    Warning (15610): No output dependent on input pin "data_adc[10]" File: /home/bingo/Documentos/teste/DE1_in_stream/fx2lp_slaveFIFO2b_streamIN_fpga_top.v Line: 19
    Warning (15610): No output dependent on input pin "data_adc[11]" File: /home/bingo/Documentos/teste/DE1_in_stream/fx2lp_slaveFIFO2b_streamIN_fpga_top.v Line: 19
Info (21057): Implemented 100 device resources after synthesis - the final resource count might be different
    Info (21058): Implemented 16 input pins
    Info (21059): Implemented 25 output pins
    Info (21061): Implemented 59 logic cells
Info: Quartus Prime Analysis & Synthesis was successful. 0 errors, 30 warnings
    Info: Peak virtual memory: 460 megabytes
    Info: Processing ended: Fri Aug  6 09:47:13 2021
    Info: Elapsed time: 00:00:09
    Info: Total CPU time (on all processors): 00:00:17


